build/app/intermediates/manifest_merge_blame_file/debug/manifest-merger-blame-debug-report.txt
1<?xml version="1.0" encoding="utf-8"?>
2<manifest xmlns:android="http://schemas.android.com/apk/res/android"
3    package="com.virtualsoft.vnty"
4    android:versionCode="3"
5    android:versionName="1.0.2" >
6
7    <uses-sdk
8        android:minSdkVersion="21"
9        android:targetSdkVersion="31" />
10    <!--
11         Flutter needs it to communicate with the running application
12         to allow setting breakpoints, to provide hot reload, etc.
13    -->
14    <uses-permission android:name="android.permission.INTERNET" />
14-->src\main\AndroidManifest.xml:4:5-67
14-->src\main\AndroidManifest.xml:4:22-64
15    <uses-permission android:name="android.permission.ACCESS_FINE_LOCATION" />
15-->src\main\AndroidManifest.xml:5:5-79
15-->src\main\AndroidManifest.xml:5:22-76
16    <uses-permission android:name="android.permission.ACCESS_COARSE_LOCATION" />
16-->src\main\AndroidManifest.xml:6:5-81
16-->src\main\AndroidManifest.xml:6:22-78
17    <uses-permission android:name="android.permission.ACCESS_NETWORK_STATE" />
17-->src\main\AndroidManifest.xml:7:5-79
17-->src\main\AndroidManifest.xml:7:22-76
18    <uses-permission android:name="android.permission.WAKE_LOCK" /> <!-- <uses-permission android:name="android.permission.FOREGROUND_SERVICE" /> -->
18-->src\main\AndroidManifest.xml:8:5-68
18-->src\main\AndroidManifest.xml:8:22-65
19    <!-- Use for take photo and photo gallery feature -->
20    <uses-permission android:name="android.permission.CAMERA" /> <!-- <uses-permission android:name="android.permission.READ_PHONE_STATE" /> -->
20-->src\main\AndroidManifest.xml:13:5-65
20-->src\main\AndroidManifest.xml:13:22-62
21    <uses-permission android:name="android.permission.READ_EXTERNAL_STORAGE" /> <!-- Use for printer feature -->
21-->src\main\AndroidManifest.xml:15:5-80
21-->src\main\AndroidManifest.xml:15:22-77
22    <uses-permission android:name="android.permission.BLUETOOTH" />
22-->src\main\AndroidManifest.xml:18:5-68
22-->src\main\AndroidManifest.xml:18:22-65
23    <uses-permission android:name="android.permission.BLUETOOTH_ADMIN" /> <!-- Use for SmartChat feature -->
23-->src\main\AndroidManifest.xml:19:5-74
23-->src\main\AndroidManifest.xml:19:22-71
24    <queries>
24-->src\main\AndroidManifest.xml:22:5-63:15
25        <intent>
25-->src\main\AndroidManifest.xml:23:9-26:18
26            <action android:name="android.intent.action.VIEW" />
26-->src\main\AndroidManifest.xml:24:13-65
26-->src\main\AndroidManifest.xml:24:21-62
27
28            <data android:scheme="https" />
28-->src\main\AndroidManifest.xml:25:13-44
28-->src\main\AndroidManifest.xml:25:19-41
29        </intent>
30        <intent>
30-->src\main\AndroidManifest.xml:27:9-30:18
31            <action android:name="android.intent.action.DIAL" />
31-->src\main\AndroidManifest.xml:28:13-65
31-->src\main\AndroidManifest.xml:28:21-62
32
33            <data android:scheme="tel" />
33-->src\main\AndroidManifest.xml:25:13-44
33-->src\main\AndroidManifest.xml:25:19-41
34        </intent>
35        <intent>
35-->src\main\AndroidManifest.xml:31:9-34:18
36            <action android:name="android.intent.action.SENDTO" />
36-->src\main\AndroidManifest.xml:32:13-67
36-->src\main\AndroidManifest.xml:32:21-64
37
38            <data android:scheme="smsto" />
38-->src\main\AndroidManifest.xml:25:13-44
38-->src\main\AndroidManifest.xml:25:19-41
39        </intent>
40        <intent>
40-->src\main\AndroidManifest.xml:35:9-38:18
41            <action android:name="android.intent.action.SEND" />
41-->src\main\AndroidManifest.xml:36:13-65
41-->src\main\AndroidManifest.xml:36:21-62
42
43            <data android:mimeType="*/*" />
43-->src\main\AndroidManifest.xml:25:13-44
44        </intent>
45        <intent>
45-->src\main\AndroidManifest.xml:39:9-42:18
46            <action android:name="android.intent.action.VIEW" />
46-->src\main\AndroidManifest.xml:24:13-65
46-->src\main\AndroidManifest.xml:24:21-62
47
48            <data android:scheme="whatsapp" />
48-->src\main\AndroidManifest.xml:25:13-44
48-->src\main\AndroidManifest.xml:25:19-41
49        </intent>
50        <intent>
50-->src\main\AndroidManifest.xml:43:9-46:18
51            <action android:name="android.intent.action.VIEW" />
51-->src\main\AndroidManifest.xml:24:13-65
51-->src\main\AndroidManifest.xml:24:21-62
52
53            <data android:scheme="instagram" />
53-->src\main\AndroidManifest.xml:25:13-44
53-->src\main\AndroidManifest.xml:25:19-41
54        </intent>
55        <intent>
55-->src\main\AndroidManifest.xml:47:9-50:18
56            <action android:name="android.intent.action.VIEW" />
56-->src\main\AndroidManifest.xml:24:13-65
56-->src\main\AndroidManifest.xml:24:21-62
57
58            <data android:scheme="instagram-stories" />
58-->src\main\AndroidManifest.xml:25:13-44
58-->src\main\AndroidManifest.xml:25:19-41
59        </intent>
60        <intent>
60-->src\main\AndroidManifest.xml:51:9-54:18
61            <action android:name="android.intent.action.VIEW" />
61-->src\main\AndroidManifest.xml:24:13-65
61-->src\main\AndroidManifest.xml:24:21-62
62
63            <data android:scheme="twitter" />
63-->src\main\AndroidManifest.xml:25:13-44
63-->src\main\AndroidManifest.xml:25:19-41
64        </intent>
65        <intent>
65-->src\main\AndroidManifest.xml:55:9-58:18
66            <action android:name="android.intent.action.VIEW" />
66-->src\main\AndroidManifest.xml:24:13-65
66-->src\main\AndroidManifest.xml:24:21-62
67
68            <data android:scheme="fb" />
68-->src\main\AndroidManifest.xml:25:13-44
68-->src\main\AndroidManifest.xml:25:19-41
69        </intent>
70        <intent>
70-->src\main\AndroidManifest.xml:59:9-62:18
71            <action android:name="android.intent.action.VIEW" />
71-->src\main\AndroidManifest.xml:24:13-65
71-->src\main\AndroidManifest.xml:24:21-62
72
73            <data android:scheme="tg" />
73-->src\main\AndroidManifest.xml:25:13-44
73-->src\main\AndroidManifest.xml:25:19-41
74        </intent>
75        <intent>
75-->[:file_picker] AndroidManifest.xml:12:9-16:18
76            <action android:name="android.intent.action.GET_CONTENT" />
76-->[:file_picker] AndroidManifest.xml:13:13-72
76-->[:file_picker] AndroidManifest.xml:13:21-69
77
78            <data android:mimeType="*/*" />
78-->src\main\AndroidManifest.xml:25:13-44
79        </intent>
80        <intent>
80-->[:flutter_inappwebview] AndroidManifest.xml:10:9-12:18
81            <action android:name="android.support.customtabs.action.CustomTabsService" />
81-->[:flutter_inappwebview] AndroidManifest.xml:11:13-90
81-->[:flutter_inappwebview] AndroidManifest.xml:11:21-87
82        </intent>
83        <intent>
83-->[com.razorpay:checkout:1.6.19] AndroidManifest.xml:12:9-18:18
84            <action android:name="android.intent.action.VIEW" />
84-->src\main\AndroidManifest.xml:24:13-65
84-->src\main\AndroidManifest.xml:24:21-62
85
86            <data
86-->src\main\AndroidManifest.xml:25:13-44
87                android:mimeType="*/*"
88                android:scheme="*" />
88-->src\main\AndroidManifest.xml:25:19-41
89        </intent>
90        <intent>
90-->[com.razorpay:checkout:1.6.19] AndroidManifest.xml:19:9-28:18
91            <action android:name="android.intent.action.VIEW" />
91-->src\main\AndroidManifest.xml:24:13-65
91-->src\main\AndroidManifest.xml:24:21-62
92
93            <category android:name="android.intent.category.BROWSABLE" />
93-->[com.google.firebase:firebase-auth:21.0.3] AndroidManifest.xml:37:17-78
93-->[com.google.firebase:firebase-auth:21.0.3] AndroidManifest.xml:37:27-75
94
95            <data
95-->src\main\AndroidManifest.xml:25:13-44
96                android:host="pay"
97                android:mimeType="*/*"
98                android:scheme="upi" />
98-->src\main\AndroidManifest.xml:25:19-41
99        </intent>
100        <intent>
100-->[com.razorpay:checkout:1.6.19] AndroidManifest.xml:29:9-31:18
101            <action android:name="android.intent.action.MAIN" />
101-->[com.razorpay:checkout:1.6.19] AndroidManifest.xml:30:13-65
101-->[com.razorpay:checkout:1.6.19] AndroidManifest.xml:30:21-62
102        </intent> <!-- Specific apps you interact with, eg: -->
103        <package android:name="com.paytm.pgsdk.TransactionManager.PAYTM_APP_PACKAGE" /> <!-- Needs to be explicitly declared on Android R+ -->
103-->[com.paytm.appinvokesdk:appinvokesdk:1.6.10] AndroidManifest.xml:12:9-88
103-->[com.paytm.appinvokesdk:appinvokesdk:1.6.10] AndroidManifest.xml:12:18-85
104        <package android:name="com.google.android.apps.maps" /> <!-- For browser content -->
104-->[com.google.android.gms:play-services-maps:18.0.2] AndroidManifest.xml:33:9-64
104-->[com.google.android.gms:play-services-maps:18.0.2] AndroidManifest.xml:33:18-61
105        <intent>
105-->[com.google.android.gms:play-services-ads-lite:20.6.0] AndroidManifest.xml:31:9-37:18
106            <action android:name="android.intent.action.VIEW" />
106-->src\main\AndroidManifest.xml:24:13-65
106-->src\main\AndroidManifest.xml:24:21-62
107
108            <category android:name="android.intent.category.BROWSABLE" />
108-->[com.google.firebase:firebase-auth:21.0.3] AndroidManifest.xml:37:17-78
108-->[com.google.firebase:firebase-auth:21.0.3] AndroidManifest.xml:37:27-75
109
110            <data android:scheme="https" />
110-->src\main\AndroidManifest.xml:25:13-44
110-->src\main\AndroidManifest.xml:25:19-41
111        </intent>
112    </queries>
113
114    <uses-permission android:name="android.permission.RECEIVE_BOOT_COMPLETED" />
114-->[:flutter_local_notifications] AndroidManifest.xml:9:5-81
114-->[:flutter_local_notifications] AndroidManifest.xml:9:22-78
115    <uses-permission android:name="android.permission.VIBRATE" />
115-->[:flutter_local_notifications] AndroidManifest.xml:10:5-66
115-->[:flutter_local_notifications] AndroidManifest.xml:10:22-63
116    <uses-permission android:name="android.permission.USE_FULL_SCREEN_INTENT" />
116-->[:flutter_local_notifications] AndroidManifest.xml:11:5-81
116-->[:flutter_local_notifications] AndroidManifest.xml:11:22-78
117    <uses-permission android:name="android.permission.SCHEDULE_EXACT_ALARM" /> <!-- Create a unique permission for your app and use it so only your app can receive your OneSignal messages. -->
117-->[:flutter_local_notifications] AndroidManifest.xml:12:5-79
117-->[:flutter_local_notifications] AndroidManifest.xml:12:22-76
118    <permission
118-->[com.onesignal:OneSignal:4.7.3] AndroidManifest.xml:7:5-9:47
119        android:name="com.virtualsoft.vnty.permission.C2D_MESSAGE"
119-->[com.onesignal:OneSignal:4.7.3] AndroidManifest.xml:8:9-63
120        android:protectionLevel="signature" />
120-->[com.onesignal:OneSignal:4.7.3] AndroidManifest.xml:9:9-44
121
122    <uses-permission android:name="com.virtualsoft.vnty.permission.C2D_MESSAGE" /> <!-- c2dm RECEIVE are basic requirements for push messages through Google's FCM -->
122-->[com.onesignal:OneSignal:4.7.3] AndroidManifest.xml:11:5-79
122-->[com.onesignal:OneSignal:4.7.3] AndroidManifest.xml:11:22-76
123    <uses-permission android:name="com.google.android.c2dm.permission.RECEIVE" /> <!-- START: ShortcutBadger -->
123-->[com.onesignal:OneSignal:4.7.3] AndroidManifest.xml:17:5-82
123-->[com.onesignal:OneSignal:4.7.3] AndroidManifest.xml:17:22-79
124    <!-- Samsung -->
125    <uses-permission android:name="com.sec.android.provider.badge.permission.READ" />
125-->[com.onesignal:OneSignal:4.7.3] AndroidManifest.xml:31:5-86
125-->[com.onesignal:OneSignal:4.7.3] AndroidManifest.xml:31:22-83
126    <uses-permission android:name="com.sec.android.provider.badge.permission.WRITE" /> <!-- HTC -->
126-->[com.onesignal:OneSignal:4.7.3] AndroidManifest.xml:32:5-87
126-->[com.onesignal:OneSignal:4.7.3] AndroidManifest.xml:32:22-84
127    <uses-permission android:name="com.htc.launcher.permission.READ_SETTINGS" />
127-->[com.onesignal:OneSignal:4.7.3] AndroidManifest.xml:33:5-81
127-->[com.onesignal:OneSignal:4.7.3] AndroidManifest.xml:33:22-78
128    <uses-permission android:name="com.htc.launcher.permission.UPDATE_SHORTCUT" /> <!-- Sony -->
128-->[com.onesignal:OneSignal:4.7.3] AndroidManifest.xml:34:5-83
128-->[com.onesignal:OneSignal:4.7.3] AndroidManifest.xml:34:22-80
129    <uses-permission android:name="com.sonyericsson.home.permission.BROADCAST_BADGE" />
129-->[com.onesignal:OneSignal:4.7.3] AndroidManifest.xml:35:5-88
129-->[com.onesignal:OneSignal:4.7.3] AndroidManifest.xml:35:22-85
130    <uses-permission android:name="com.sonymobile.home.permission.PROVIDER_INSERT_BADGE" /> <!-- Apex -->
130-->[com.onesignal:OneSignal:4.7.3] AndroidManifest.xml:36:5-92
130-->[com.onesignal:OneSignal:4.7.3] AndroidManifest.xml:36:22-89
131    <uses-permission android:name="com.anddoes.launcher.permission.UPDATE_COUNT" /> <!-- Solid -->
131-->[com.onesignal:OneSignal:4.7.3] AndroidManifest.xml:37:5-84
131-->[com.onesignal:OneSignal:4.7.3] AndroidManifest.xml:37:22-81
132    <uses-permission android:name="com.majeur.launcher.permission.UPDATE_BADGE" /> <!-- Huawei -->
132-->[com.onesignal:OneSignal:4.7.3] AndroidManifest.xml:38:5-83
132-->[com.onesignal:OneSignal:4.7.3] AndroidManifest.xml:38:22-80
133    <uses-permission android:name="com.huawei.android.launcher.permission.CHANGE_BADGE" />
133-->[com.onesignal:OneSignal:4.7.3] AndroidManifest.xml:39:5-91
133-->[com.onesignal:OneSignal:4.7.3] AndroidManifest.xml:39:22-88
134    <uses-permission android:name="com.huawei.android.launcher.permission.READ_SETTINGS" />
134-->[com.onesignal:OneSignal:4.7.3] AndroidManifest.xml:40:5-92
134-->[com.onesignal:OneSignal:4.7.3] AndroidManifest.xml:40:22-89
135    <uses-permission android:name="com.huawei.android.launcher.permission.WRITE_SETTINGS" /> <!-- ZUK -->
135-->[com.onesignal:OneSignal:4.7.3] AndroidManifest.xml:41:5-93
135-->[com.onesignal:OneSignal:4.7.3] AndroidManifest.xml:41:22-90
136    <uses-permission android:name="android.permission.READ_APP_BADGE" /> <!-- OPPO -->
136-->[com.onesignal:OneSignal:4.7.3] AndroidManifest.xml:42:5-73
136-->[com.onesignal:OneSignal:4.7.3] AndroidManifest.xml:42:22-70
137    <uses-permission android:name="com.oppo.launcher.permission.READ_SETTINGS" />
137-->[com.onesignal:OneSignal:4.7.3] AndroidManifest.xml:43:5-82
137-->[com.onesignal:OneSignal:4.7.3] AndroidManifest.xml:43:22-79
138    <uses-permission android:name="com.oppo.launcher.permission.WRITE_SETTINGS" /> <!-- EvMe -->
138-->[com.onesignal:OneSignal:4.7.3] AndroidManifest.xml:44:5-83
138-->[com.onesignal:OneSignal:4.7.3] AndroidManifest.xml:44:22-80
139    <uses-permission android:name="me.everything.badger.permission.BADGE_COUNT_READ" />
139-->[com.onesignal:OneSignal:4.7.3] AndroidManifest.xml:45:5-88
139-->[com.onesignal:OneSignal:4.7.3] AndroidManifest.xml:45:22-85
140    <uses-permission android:name="me.everything.badger.permission.BADGE_COUNT_WRITE" />
140-->[com.onesignal:OneSignal:4.7.3] AndroidManifest.xml:46:5-89
140-->[com.onesignal:OneSignal:4.7.3] AndroidManifest.xml:46:22-86
141    <uses-permission android:name="android.permission.READ_PHONE_STATE" />
141-->[com.paytm.easypay:easypay-appinvoke:1.7.4] AndroidManifest.xml:10:5-75
141-->[com.paytm.easypay:easypay-appinvoke:1.7.4] AndroidManifest.xml:10:22-72
142    <uses-permission android:name="com.google.android.gms.permission.AD_ID" />
142-->[com.facebook.android:facebook-core:13.2.0] AndroidManifest.xml:28:5-79
142-->[com.facebook.android:facebook-core:13.2.0] AndroidManifest.xml:28:22-76
143
144    <uses-feature
144-->[com.google.android.gms:play-services-maps:18.0.2] AndroidManifest.xml:26:5-28:35
145        android:glEsVersion="0x00020000"
145-->[com.google.android.gms:play-services-maps:18.0.2] AndroidManifest.xml:27:9-41
146        android:required="true" />
146-->[com.google.android.gms:play-services-maps:18.0.2] AndroidManifest.xml:28:9-32
147
148    <uses-permission android:name="com.google.android.finsky.permission.BIND_GET_INSTALL_REFERRER_SERVICE" />
148-->[com.google.android.gms:play-services-measurement:21.0.0] AndroidManifest.xml:26:5-110
148-->[com.google.android.gms:play-services-measurement:21.0.0] AndroidManifest.xml:26:22-107
149    <uses-permission android:name="android.permission.FOREGROUND_SERVICE" /> <!-- Don't require camera, as this requires a rear camera. This allows it to work on the Nexus 7 -->
149-->[androidx.work:work-runtime:2.7.0] AndroidManifest.xml:28:5-77
149-->[androidx.work:work-runtime:2.7.0] AndroidManifest.xml:28:22-74
150    <uses-feature
150-->[com.journeyapps:zxing-android-embedded:4.3.0] AndroidManifest.xml:25:5-27:36
151        android:name="android.hardware.camera"
151-->[com.journeyapps:zxing-android-embedded:4.3.0] AndroidManifest.xml:26:9-47
152        android:required="false" />
152-->[com.journeyapps:zxing-android-embedded:4.3.0] AndroidManifest.xml:27:9-33
153    <uses-feature
153-->[com.journeyapps:zxing-android-embedded:4.3.0] AndroidManifest.xml:28:5-30:36
154        android:name="android.hardware.camera.front"
154-->[com.journeyapps:zxing-android-embedded:4.3.0] AndroidManifest.xml:29:9-53
155        android:required="false" /> <!-- TODO replace above two with next line after Android 4.2 -->
155-->[com.journeyapps:zxing-android-embedded:4.3.0] AndroidManifest.xml:30:9-33
156    <!-- <uses-feature android:name="android.hardware.camera.any"/> -->
157    <uses-feature
157-->[com.journeyapps:zxing-android-embedded:4.3.0] AndroidManifest.xml:33:5-35:36
158        android:name="android.hardware.camera.autofocus"
158-->[com.journeyapps:zxing-android-embedded:4.3.0] AndroidManifest.xml:34:9-57
159        android:required="false" />
159-->[com.journeyapps:zxing-android-embedded:4.3.0] AndroidManifest.xml:35:9-33
160    <uses-feature
160-->[com.journeyapps:zxing-android-embedded:4.3.0] AndroidManifest.xml:36:5-38:36
161        android:name="android.hardware.camera.flash"
161-->[com.journeyapps:zxing-android-embedded:4.3.0] AndroidManifest.xml:37:9-53
162        android:required="false" />
162-->[com.journeyapps:zxing-android-embedded:4.3.0] AndroidManifest.xml:38:9-33
163    <uses-feature
163-->[com.journeyapps:zxing-android-embedded:4.3.0] AndroidManifest.xml:39:5-41:36
164        android:name="android.hardware.screen.landscape"
164-->[com.journeyapps:zxing-android-embedded:4.3.0] AndroidManifest.xml:40:9-57
165        android:required="false" />
165-->[com.journeyapps:zxing-android-embedded:4.3.0] AndroidManifest.xml:41:9-33
166    <uses-feature
166-->[com.journeyapps:zxing-android-embedded:4.3.0] AndroidManifest.xml:42:5-44:36
167        android:name="android.hardware.wifi"
167-->[com.journeyapps:zxing-android-embedded:4.3.0] AndroidManifest.xml:43:9-45
168        android:required="false" />
168-->[com.journeyapps:zxing-android-embedded:4.3.0] AndroidManifest.xml:44:9-33
169
170    <application
171        android:name="android.app.Application"
172        android:appComponentFactory="androidx.core.app.CoreComponentFactory"
172-->[androidx.core:core:1.8.0] AndroidManifest.xml:24:18-86
173        android:debuggable="true"
174        android:icon="@mipmap/launcher_icon"
175        android:label="vnty"
176        android:requestLegacyExternalStorage="true"
177        android:supportsRtl="true"
177-->[com.facebook.android:facebook-login:13.2.0] AndroidManifest.xml:28:18-44
178        android:usesCleartextTraffic="true" >
179        <activity
180            android:name="com.virtualsoft.vnty.MainActivity"
181            android:configChanges="orientation|keyboardHidden|keyboard|screenSize|smallestScreenSize|locale|layoutDirection|fontScale|screenLayout|density|uiMode"
182            android:exported="true"
183            android:hardwareAccelerated="true"
184            android:launchMode="singleTop"
185            android:theme="@style/LaunchTheme"
186            android:windowSoftInputMode="adjustResize" >
187
188            <!--
189                 Specifies an Android theme to apply to this Activity as soon as
190                 the Android process has started. This theme is visible to the user
191                 while the Flutter UI initializes. After that, this theme continues
192                 to determine the Window background behind the Flutter UI.
193            -->
194            <meta-data
195                android:name="io.flutter.embedding.android.NormalTheme"
196                android:resource="@style/NormalTheme" />
197
198            <intent-filter>
199                <action android:name="android.intent.action.MAIN" />
199-->[com.razorpay:checkout:1.6.19] AndroidManifest.xml:30:13-65
199-->[com.razorpay:checkout:1.6.19] AndroidManifest.xml:30:21-62
200
201                <category android:name="android.intent.category.LAUNCHER" />
202            </intent-filter>
203            <intent-filter>
204                <action android:name="FLUTTER_NOTIFICATION_CLICK" />
205
206                <category android:name="android.intent.category.DEFAULT" />
206-->[com.google.firebase:firebase-auth:21.0.3] AndroidManifest.xml:36:17-76
206-->[com.google.firebase:firebase-auth:21.0.3] AndroidManifest.xml:36:27-73
207            </intent-filter>
208
209            <meta-data
210                android:name="default-url"
211                android:value="https://inspireui.com" />
212
213            <intent-filter android:autoVerify="true" >
214                <action android:name="android.intent.action.VIEW" />
214-->src\main\AndroidManifest.xml:24:13-65
214-->src\main\AndroidManifest.xml:24:21-62
215
216                <category android:name="android.intent.category.DEFAULT" />
216-->[com.google.firebase:firebase-auth:21.0.3] AndroidManifest.xml:36:17-76
216-->[com.google.firebase:firebase-auth:21.0.3] AndroidManifest.xml:36:27-73
217                <category android:name="android.intent.category.BROWSABLE" />
217-->[com.google.firebase:firebase-auth:21.0.3] AndroidManifest.xml:37:17-78
217-->[com.google.firebase:firebase-auth:21.0.3] AndroidManifest.xml:37:27-75
218
219                <data
219-->src\main\AndroidManifest.xml:25:13-44
220                    android:host="inspireui.com"
221                    android:scheme="https" />
221-->src\main\AndroidManifest.xml:25:19-41
222                <data android:scheme="http" />
222-->src\main\AndroidManifest.xml:25:13-44
222-->src\main\AndroidManifest.xml:25:19-41
223            </intent-filter>
224            <intent-filter>
225                <action android:name="android.intent.action.VIEW" />
225-->src\main\AndroidManifest.xml:24:13-65
225-->src\main\AndroidManifest.xml:24:21-62
226
227                <category android:name="android.intent.category.DEFAULT" />
227-->[com.google.firebase:firebase-auth:21.0.3] AndroidManifest.xml:36:17-76
227-->[com.google.firebase:firebase-auth:21.0.3] AndroidManifest.xml:36:27-73
228                <category android:name="android.intent.category.BROWSABLE" />
228-->[com.google.firebase:firebase-auth:21.0.3] AndroidManifest.xml:37:17-78
228-->[com.google.firebase:firebase-auth:21.0.3] AndroidManifest.xml:37:27-75
229
230                <data
230-->src\main\AndroidManifest.xml:25:13-44
231                    android:host="inspireui.com"
232                    android:scheme="fluxstore" />
232-->src\main\AndroidManifest.xml:25:19-41
233            </intent-filter>
234        </activity>
235
236        <meta-data
237            android:name="com.google.android.gms.wallet.api.enabled"
238            android:value="true" />
239        <meta-data
240            android:name="com.google.firebase.messaging.default_notification_channel_id"
241            android:value="@string/default_notification_channel_id" />
242        <meta-data
243            android:name="com.google.firebase.messaging.default_notification_icon"
244            android:resource="@drawable/logo" />
245        <!--
246             Set color used with incoming notification messages. This is used when no color is set for the incoming
247            notification message. See README(https://goo.gl/6BKBk7) for more.
248        -->
249        <meta-data
250            android:name="com.google.firebase.messaging.default_notification_color"
251            android:resource="@color/notiColor" />
252        <!-- Google map and Admod setup -->
253        <meta-data
254            android:name="com.google.android.geo.API_KEY"
255            android:value="@string/api_key" />
256        <meta-data
257            android:name="com.google.android.gms.ads.APPLICATION_ID"
258            android:value="@string/admob_api" />
259
260        <!-- Facebook Login configuration -->
261        <meta-data
262            android:name="com.facebook.sdk.ApplicationId"
263            android:value="@string/facebook_app_id" />
264        <meta-data
265            android:name="com.facebook.sdk.ClientToken"
266            android:value="@string/facebook_client_token" />
267
268        <activity
269            android:name="com.facebook.FacebookActivity"
270            android:configChanges="keyboard|keyboardHidden|screenLayout|screenSize|orientation"
271            android:exported="true"
272            android:label="@string/app_name"
273            android:theme="@style/com_facebook_activity_theme" />
273-->[com.facebook.android:facebook-common:13.2.0] AndroidManifest.xml:33:13-63
274        <activity
275            android:name="com.facebook.CustomTabActivity"
276            android:exported="true" >
277            <intent-filter>
278                <action android:name="android.intent.action.VIEW" />
278-->src\main\AndroidManifest.xml:24:13-65
278-->src\main\AndroidManifest.xml:24:21-62
279
280                <category android:name="android.intent.category.DEFAULT" />
280-->[com.google.firebase:firebase-auth:21.0.3] AndroidManifest.xml:36:17-76
280-->[com.google.firebase:firebase-auth:21.0.3] AndroidManifest.xml:36:27-73
281                <category android:name="android.intent.category.BROWSABLE" />
281-->[com.google.firebase:firebase-auth:21.0.3] AndroidManifest.xml:37:17-78
281-->[com.google.firebase:firebase-auth:21.0.3] AndroidManifest.xml:37:27-75
282
283                <data android:scheme="@string/fb_login_protocol_scheme" />
283-->src\main\AndroidManifest.xml:25:13-44
283-->src\main\AndroidManifest.xml:25:19-41
284            </intent-filter>
285            <intent-filter>
285-->[com.facebook.android:facebook-common:13.2.0] AndroidManifest.xml:39:13-48:29
286                <action android:name="android.intent.action.VIEW" />
286-->src\main\AndroidManifest.xml:24:13-65
286-->src\main\AndroidManifest.xml:24:21-62
287
288                <category android:name="android.intent.category.DEFAULT" />
288-->[com.google.firebase:firebase-auth:21.0.3] AndroidManifest.xml:36:17-76
288-->[com.google.firebase:firebase-auth:21.0.3] AndroidManifest.xml:36:27-73
289                <category android:name="android.intent.category.BROWSABLE" />
289-->[com.google.firebase:firebase-auth:21.0.3] AndroidManifest.xml:37:17-78
289-->[com.google.firebase:firebase-auth:21.0.3] AndroidManifest.xml:37:27-75
290
291                <data
291-->src\main\AndroidManifest.xml:25:13-44
292                    android:host="cct.com.virtualsoft.vnty"
293                    android:scheme="fbconnect" />
293-->src\main\AndroidManifest.xml:25:19-41
294            </intent-filter>
295        </activity>
296
297        <!-- Enable to support Audio Feature -->
298        <!-- <service -->
299        <!-- android:name="com.ryanheise.audioservice.AudioService" -->
300        <!-- android:exported="true"> -->
301        <!-- <intent-filter> -->
302        <!-- <action android:name="android.media.browse.MediaBrowserService" /> -->
303        <!-- </intent-filter> -->
304        <!-- </service> -->
305
306
307        <!-- <receiver -->
308        <!-- android:name="com.ryanheise.audioservice.MediaButtonReceiver" -->
309        <!-- android:exported="true"> -->
310        <!-- <intent-filter> -->
311        <!-- <action android:name="android.intent.action.MEDIA_BUTTON" /> -->
312        <!-- </intent-filter> -->
313        <!-- </receiver> -->
314
315
316        <!--
317             Don't delete the meta-data below.
318             This is used by the Flutter tool to generate GeneratedPluginRegistrant.java
319        -->
320        <meta-data
321            android:name="flutterEmbedding"
322            android:value="2" />
323
324        <service
324-->[:firebase_messaging] AndroidManifest.xml:14:9-17:72
325            android:name="io.flutter.plugins.firebase.messaging.FlutterFirebaseMessagingBackgroundService"
325-->[:firebase_messaging] AndroidManifest.xml:15:13-107
326            android:exported="false"
326-->[:firebase_messaging] AndroidManifest.xml:16:13-37
327            android:permission="android.permission.BIND_JOB_SERVICE" />
327-->[:firebase_messaging] AndroidManifest.xml:17:13-69
328        <service
328-->[:firebase_messaging] AndroidManifest.xml:18:9-24:19
329            android:name="io.flutter.plugins.firebase.messaging.FlutterFirebaseMessagingService"
329-->[:firebase_messaging] AndroidManifest.xml:19:13-97
330            android:exported="false" >
330-->[:firebase_messaging] AndroidManifest.xml:20:13-37
331            <intent-filter>
331-->[:firebase_messaging] AndroidManifest.xml:21:13-23:29
332                <action android:name="com.google.firebase.MESSAGING_EVENT" />
332-->[:firebase_messaging] AndroidManifest.xml:22:17-78
332-->[:firebase_messaging] AndroidManifest.xml:22:25-75
333            </intent-filter>
334        </service>
335
336        <receiver
336-->[:firebase_messaging] AndroidManifest.xml:26:9-33:20
337            android:name="io.flutter.plugins.firebase.messaging.FlutterFirebaseMessagingReceiver"
337-->[:firebase_messaging] AndroidManifest.xml:27:13-98
338            android:exported="true"
338-->[:firebase_messaging] AndroidManifest.xml:28:13-36
339            android:permission="com.google.android.c2dm.permission.SEND" >
339-->[:firebase_messaging] AndroidManifest.xml:29:13-73
340            <intent-filter>
340-->[:firebase_messaging] AndroidManifest.xml:30:13-32:29